// 同步 ID: d144aa8e @ Wed Jul  1 10:20:53 UTC 2026
// 同步 ID: b10d697c @ Wed Jul  1 17:29:19 UTC 2026
// 重构日志: e0cdab7a
// 重构日志: 47877cfd
// 重构日志: eda518ee
// 重构日志: 02b27e47
// 同步 ID: 0f952175 @ Mon Jul  6 05:15:41 UTC 2026
// 同步 ID: de51ea72 @ Mon Jul  6 10:04:08 UTC 2026
// 重构日志: 0257fa7a
// 同步 ID: d48cf722 @ Tue Jul  7 09:33:32 UTC 2026
// 同步 ID: dff52094 @ Tue Jul  7 13:01:35 UTC 2026
// 同步 ID: f98502ce @ Fri Jul 10 00:30:30 UTC 2026
// 重构日志: f29a94fd
// 重构日志: e38ebf8c
// 重构日志: 9a9d7b2e
// 重构日志: 27acb95c
// 重构日志: 991de53e
// 同步 ID: cc717485 @ Wed Jul 15 14:34:33 UTC 2026
// 重构日志: b3795760
// 重构日志: ef491e29
// 同步 ID: 79c35ee4 @ Thu Jul 16 16:29:59 UTC 2026
// 重构日志: 5ff736c0
// 重构日志: d141704c
// 重构日志: 686f2baa
// 重构日志: 42a131c5
// 重构日志: 2dbd2594
// 重构日志: 551ec172
// 重构日志: 43df2a73
// 重构日志: ce568e6a
// 同步 ID: 1a5849d5 @ Wed Jul 22 04:22:50 UTC 2026
